2015-06-18T02:10:38.367Z - info: Logged on to Steam
2015-06-18T02:10:39.547Z - info: Logged into web
2015-06-18T02:24:16.618Z - info: Logged on to Steam
2015-06-18T02:24:20.522Z - info: Logged into web
2015-06-18T02:24:38.082Z - info: Logged on to Steam
2015-06-18T02:24:39.257Z - info: Logged into web
2015-06-18T02:26:14.919Z - info: Logged on to Steam
2015-06-18T02:26:33.443Z - info: Logged on to Steam
2015-06-18T02:26:34.164Z - info: Joined Chat103582791438621541
2015-06-18T02:26:35.674Z - info: Logged into web
2015-06-18T02:29:02.913Z - info: Logged on to Steam
2015-06-18T02:29:04.174Z - info: Joined Chat: 103582791438621541
2015-06-18T02:29:06.131Z - info: Logged into web
2015-06-18T02:29:13.710Z - info: 103582791438621541
2015-06-18T02:29:22.110Z - info: 103582791438621541
2015-06-18T02:31:21.137Z - info: Logged on to Steam
2015-06-18T02:31:22.791Z - info: Joined Chat: 103582791438621541
2015-06-18T02:31:24.751Z - info: Logged into web
2015-06-18T02:31:27.288Z - info: test
2015-06-18T02:33:28.655Z - info: Logged on to Steam
2015-06-18T02:33:30.389Z - info: Joined Chat: 103582791438621541
2015-06-18T02:33:32.457Z - info: Logged into web
2015-06-18T02:33:40.532Z - info: Oi Razr
2015-06-18T02:33:53.716Z - info: Logged on to Steam
2015-06-18T02:33:54.632Z - info: Joined Chat: 103582791438621541
2015-06-18T02:33:56.399Z - info: Logged into web
2015-06-18T02:33:58.623Z - info: Oi Razr
2015-06-18T02:34:15.484Z - info: Logged on to Steam
2015-06-18T02:34:17.301Z - info: Joined Chat: 103582791438621541
2015-06-18T02:34:19.244Z - info: Logged into web
2015-06-18T02:34:25.178Z - info: Oi Razr
2015-06-18T02:35:43.536Z - info: Logged on to Steam
2015-06-18T02:35:45.540Z - info: Joined Chat: 103582791438621541
2015-06-18T02:35:46.485Z - info: Logged into web
2015-06-18T02:35:57.792Z - info: .alan
2015-06-18T02:36:25.686Z - info: Logged on to Steam
2015-06-18T02:36:26.602Z - info: Joined Chat: 103582791438621541
2015-06-18T02:36:28.320Z - info: Logged into web
2015-06-18T02:36:31.893Z - info: .alan
2015-06-18T02:37:06.981Z - info: Logged on to Steam
2015-06-18T02:37:07.557Z - info: Joined Chat: 103582791438621541
2015-06-18T02:37:09.095Z - info: Logged into web
2015-06-18T02:37:19.541Z - info: .textcmd
2015-06-18T02:41:05.084Z - info: Logged on to Steam
2015-06-18T02:41:06.002Z - info: Joined Chat: 103582791438621541
2015-06-18T02:41:07.775Z - info: Logged into web
2015-06-18T02:41:57.672Z - info: Logged on to Steam
2015-06-18T02:41:58.686Z - info: Joined Chat: 103582791438621541
2015-06-18T02:42:00.431Z - info: Logged into web
2015-06-18T02:47:30.923Z - info: Logged on to Steam
2015-06-18T02:47:31.405Z - info: Joined Chat: 103582791438621541
2015-06-18T02:47:33.295Z - info: Logged into web
2015-06-18T02:50:36.497Z - info: Logged on to Steam
2015-06-18T02:50:37.264Z - info: Joined Chat: 103582791438621541
2015-06-18T02:50:38.733Z - info: Logged into web
2015-06-18T02:51:04.234Z - info: Logged on to Steam
2015-06-18T02:51:06.257Z - info: Joined Chat: 103582791438621541
2015-06-18T02:51:08.427Z - info: Logged into web
2015-06-18T02:51:31.460Z - info: Logged on to Steam
2015-06-18T02:51:32.632Z - info: Joined Chat: 103582791438621541
2015-06-18T02:51:34.313Z - info: Logged into web
2015-06-18T02:51:51.167Z - info: Logged on to Steam
2015-06-18T02:51:51.779Z - info: Joined Chat: 103582791438621541
2015-06-18T02:51:53.506Z - info: Logged into web
2015-06-18T02:52:25.084Z - info: Logged on to Steam
2015-06-18T02:52:25.654Z - info: Joined Chat: 103582791438621541
2015-06-18T02:52:27.373Z - info: Logged into web
2015-06-18T02:52:29.447Z - info: .play10358279143862154176561198052893297
2015-06-18T02:53:10.657Z - info: Logged on to Steam
2015-06-18T02:53:11.529Z - info: Joined Chat: 103582791438621541
2015-06-18T02:53:13.016Z - info: Logged into web
2015-06-18T02:53:16.221Z - info: .play10358279143862154176561198052893297
2015-06-18T02:53:21.127Z - info: .stopplay10358279143862154176561198052893297
2015-06-18T02:53:42.933Z - info: Logged on to Steam
2015-06-18T02:53:44.735Z - info: Joined Chat: 103582791438621541
2015-06-18T02:53:46.891Z - info: Logged into web
2015-06-18T02:53:48.843Z - info: .play10358279143862154176561198052893297
2015-06-18T02:53:54.419Z - info: .stopplay10358279143862154176561198052893297
2015-06-18T02:53:58.374Z - info: ;play10358279143862154176561198052893297
2015-06-18T02:54:00.662Z - info: .play10358279143862154176561198052893297
2015-06-18T02:54:06.273Z - info: .stopplay10358279143862154176561198052893297
2015-06-18T02:55:08.132Z - info: Logged on to Steam
2015-06-18T02:55:09.646Z - info: Joined Chat: 103582791438621541
2015-06-18T02:55:11.840Z - info: Logged into web
2015-06-18T02:55:14.859Z - info: .play10358279143862154176561198052893297
2015-06-18T02:55:19.278Z - info: .stopplay10358279143862154176561198052893297
2015-06-18T02:58:50.290Z - info: Logged on to Steam
2015-06-18T02:58:52.027Z - info: Joined Chat: 103582791438621541
2015-06-18T02:58:53.976Z - info: Logged into web
2015-06-18T02:58:57.250Z - info: .playfrom: 103582791438621541by: 76561198052893297
2015-06-18T02:59:08.859Z - info: ;stopplayfrom: 103582791438621541by: 76561198052893297
2015-06-18T02:59:13.114Z - info: .stopplayfrom: 103582791438621541by: 76561198052893297
2015-06-18T03:00:05.510Z - info: Logged on to Steam
2015-06-18T03:00:07.496Z - info: Joined Chat: 103582791438621541
2015-06-18T03:00:09.653Z - info: Logged into web
2015-06-18T03:00:22.025Z - info: Message: .play from: 103582791438621541by: 76561198052893297
2015-06-18T03:01:19.776Z - info: Logged on to Steam
2015-06-18T03:01:21.648Z - info: Joined Chat: 103582791438621541
2015-06-18T03:01:23.689Z - info: Logged into web
2015-06-18T03:01:24.237Z - info: Message: '.play' from: 103582791438621541by: 76561198052893297
2015-06-18T03:01:31.267Z - info: Message: '.stopplay' from: 103582791438621541by: 76561198052893297
2015-06-18T03:01:40.301Z - info: Logged on to Steam
2015-06-18T03:01:42.010Z - info: Joined Chat: 103582791438621541
2015-06-18T03:01:43.369Z - info: Logged into web
2015-06-18T03:01:47.135Z - info: Message: '.play' from: 103582791438621541 by: 76561198052893297
2015-06-18T09:57:40.424Z - info: Logged on to Steam
2015-06-18T09:57:41.280Z - info: Joined Chat: 103582791438621541
2015-06-18T09:57:42.675Z - info: Logged into web
2015-06-18T10:06:54.104Z - info: Logged on to Steam
2015-06-18T10:06:55.730Z - info: Joined Chat: 103582791438621541
2015-06-18T10:06:56.814Z - info: Logged into web
